Info: Starting: Create HDL design files for synthesis
Info: qsys-generate /cal/homes/rreme/workspace/SE/SE204/controleur_video/ips/Qsys/soc_system.qsys --synthesis=VERILOG --output-directory=/cal/homes/rreme/workspace/SE/SE204/controleur_video/ips/Qsys/soc_system/synthesis --family="Cyclone V" --part=5CSEBA6U23I7
Progress: Loading Qsys/soc_system.qsys
Progress: Reading input file
Progress: Adding ILC [interrupt_latency_counter 18.1]
Progress: Parameterizing module ILC
Progress: Adding alt_vip_vfr_hdmi [alt_vip_vfr 14.0]
Progress: Parameterizing module alt_vip_vfr_hdmi
Progress: Adding button_pio [altera_avalon_pio 18.1]
Progress: Parameterizing module button_pio
Progress: Adding clk_0 [clock_source 18.1]
Progress: Parameterizing module clk_0
Progress: Adding clock_bridge_0 [altera_clock_bridge 18.1]
Progress: Parameterizing module clock_bridge_0
Progress: Adding custom_pio_0 [custom_pio 1.0]
Progress: Parameterizing module custom_pio_0
Progress: Adding dipsw_pio [altera_avalon_pio 18.1]
Progress: Parameterizing module dipsw_pio
Progress: Adding hps_0 [altera_hps 18.1]
Progress: Parameterizing module hps_0
Progress: Adding led_pio [altera_avalon_pio 18.1]
Progress: Parameterizing module led_pio
Progress: Adding mm_bridge_0 [altera_avalon_mm_bridge 18.1]
Progress: Parameterizing module mm_bridge_0
Progress: Adding sysid_qsys [altera_avalon_sysid_qsys 18.1]
Progress: Parameterizing module sysid_qsys
Progress: Building connections
Progress: Parameterizing connections
Progress: Validating
Progress: Done reading input file
Warning: soc_system.alt_vip_vfr_hdmi: The module properties SIMULATION_MODEL_IN_VERILOG and SIMULATION_MODEL_IN_VHDL can not both be set when using the SIMULATION file property: src_hdl/alt_vipvfr131_vfr.v, src_hdl/alt_vipvfr131_vfr_controller.v, src_hdl/alt_vipvfr131_vfr_control_packet_encoder.v, src_hdl/alt_vipvfr131_prc.v, src_hdl/alt_vipvfr131_prc_core.v, src_hdl/alt_vipvfr131_prc_read_master.v, /comelec/softs/opt/altera/altera18.1/ip/altera/frame_reader/common_hdl/alt_vipvfr131_common_package.vhd, /comelec/softs/opt/altera/altera18.1/ip/altera/frame_reader/common_hdl/alt_vipvfr131_common_avalon_mm_bursting_master_fifo.vhd, /comelec/softs/opt/altera/altera18.1/ip/altera/frame_reader/common_hdl/alt_vipvfr131_common_avalon_mm_master.v, /comelec/softs/opt/altera/altera18.1/ip/altera/frame_reader/common_hdl/alt_vipvfr131_common_unpack_data.v, /comelec/softs/opt/altera/altera18.1/ip/altera/frame_reader/common_hdl/alt_vipvfr131_common_avalon_mm_slave.v, /comelec/softs/opt/altera/altera18.1/ip/altera/frame_reader/common_hdl/alt_vipvfr131_common_stream_output.v, /comelec/softs/opt/altera/altera18.1/ip/altera/frame_reader/common_hdl/alt_vipvfr131_common_pulling_width_adapter.vhd, /comelec/softs/opt/altera/altera18.1/ip/altera/frame_reader/common_hdl/alt_vipvfr131_common_general_fifo.vhd, /comelec/softs/opt/altera/altera18.1/ip/altera/frame_reader/common_hdl/alt_vipvfr131_common_fifo_usedw_calculator.vhd, /comelec/softs/opt/altera/altera18.1/ip/altera/frame_reader/common_hdl/alt_vipvfr131_common_gray_clock_crosser.vhd, /comelec/softs/opt/altera/altera18.1/ip/altera/frame_reader/common_hdl/alt_vipvfr131_common_std_logic_vector_delay.vhd, /comelec/softs/opt/altera/altera18.1/ip/altera/frame_reader/common_hdl/alt_vipvfr131_common_one_bit_delay.vhd, /comelec/softs/opt/altera/altera18.1/ip/altera/frame_reader/common_hdl/alt_vipvfr131_common_logic_fifo.vhd, /comelec/softs/opt/altera/altera18.1/ip/altera/frame_reader/common_hdl/alt_vipvfr131_common_ram_fifo.vhd
Info: soc_system.button_pio: PIO inputs are not hardwired in test bench. Undefined values will be read from PIO inputs during simulation.
Info: soc_system.dipsw_pio: PIO inputs are not hardwired in test bench. Undefined values will be read from PIO inputs during simulation.
Warning: soc_system.hps_0: Setting the slave port width of interface f2h_sdram0 to 32 results in bandwidth under-utilization.  Altera recommends you set the interface data width to 64-bit or greater.
Info: soc_system.hps_0: HPS Main PLL counter settings: n = 0  m = 63
Info: soc_system.hps_0: HPS peripherial PLL counter settings: n = 0  m = 39
Info: soc_system.sysid_qsys: System ID is not assigned automatically. Edit the System ID parameter to provide a unique ID
Info: soc_system.sysid_qsys: Time stamp will be automatically updated when this component is generated.
Warning: soc_system.alt_vip_vfr_hdmi: Interrupt sender alt_vip_vfr_hdmi.interrupt_sender is not connected to an interrupt receiver
Info: soc_system: Generating soc_system "soc_system" for QUARTUS_SYNTH
Info: Interconnect is inserted between master alt_vip_vfr_hdmi.avalon_master and slave hps_0.f2h_axi_slave because the master is of type avalon and the slave is of type axi.
Info: Interconnect is inserted between master hps_0.h2f_lw_axi_master and slave mm_bridge_0.s0 because the master is of type axi and the slave is of type avalon.
Info: Inserting clock-crossing logic between cmd_demux.src1 and cmd_mux_001.sink0
Info: Inserting clock-crossing logic between rsp_demux_001.src0 and rsp_mux.sink1
Warning: hps_0.f2h_irq0: Cannot connect clock for irq_mapper_001.sender
Warning: hps_0.f2h_irq0: Cannot connect reset for irq_mapper_001.sender
Warning: hps_0.f2h_irq1: Cannot connect clock for irq_mapper_002.sender
Warning: hps_0.f2h_irq1: Cannot connect reset for irq_mapper_002.sender
Info: ILC: "soc_system" instantiated interrupt_latency_counter "ILC"
Info: alt_vip_vfr_hdmi: "soc_system" instantiated alt_vip_vfr "alt_vip_vfr_hdmi"
Info: button_pio: Starting RTL generation for module 'soc_system_button_pio'
Info: button_pio:   Generation command is [exec /comelec/softs/opt/altera/altera18.1/quartus/linux64/perl/bin/perl -I /comelec/softs/opt/altera/altera18.1/quartus/linux64/perl/lib -I /comelec/softs/opt/altera/altera18.1/quartus/sopc_builder/bin/europa -I /comelec/softs/opt/altera/altera18.1/quartus/sopc_builder/bin/perl_lib -I /comelec/softs/opt/altera/altera18.1/quartus/sopc_builder/bin -I /comelec/softs/opt/altera/altera18.1/quartus/../ip/altera/sopc_builder_ip/common -I /comelec/softs/opt/altera/altera18.1/quartus/../ip/altera/sopc_builder_ip/altera_avalon_pio -- /comelec/softs/opt/altera/altera18.1/quartus/../ip/altera/sopc_builder_ip/altera_avalon_pio/generate_rtl.pl --name=soc_system_button_pio --dir=/tmp/alt7882_123137694229162990.dir/0005_button_pio_gen/ --quartus_dir=/comelec/softs/opt/altera/altera18.1/quartus --verilog --config=/tmp/alt7882_123137694229162990.dir/0005_button_pio_gen//soc_system_button_pio_component_configuration.pl  --do_build_sim=0  ]
Info: button_pio: Done RTL generation for module 'soc_system_button_pio'
Info: button_pio: "soc_system" instantiated altera_avalon_pio "button_pio"
Info: custom_pio_0: "soc_system" instantiated custom_pio "custom_pio_0"
Info: dipsw_pio: Starting RTL generation for module 'soc_system_dipsw_pio'
Info: dipsw_pio:   Generation command is [exec /comelec/softs/opt/altera/altera18.1/quartus/linux64/perl/bin/perl -I /comelec/softs/opt/altera/altera18.1/quartus/linux64/perl/lib -I /comelec/softs/opt/altera/altera18.1/quartus/sopc_builder/bin/europa -I /comelec/softs/opt/altera/altera18.1/quartus/sopc_builder/bin/perl_lib -I /comelec/softs/opt/altera/altera18.1/quartus/sopc_builder/bin -I /comelec/softs/opt/altera/altera18.1/quartus/../ip/altera/sopc_builder_ip/common -I /comelec/softs/opt/altera/altera18.1/quartus/../ip/altera/sopc_builder_ip/altera_avalon_pio -- /comelec/softs/opt/altera/altera18.1/quartus/../ip/altera/sopc_builder_ip/altera_avalon_pio/generate_rtl.pl --name=soc_system_dipsw_pio --dir=/tmp/alt7882_123137694229162990.dir/0007_dipsw_pio_gen/ --quartus_dir=/comelec/softs/opt/altera/altera18.1/quartus --verilog --config=/tmp/alt7882_123137694229162990.dir/0007_dipsw_pio_gen//soc_system_dipsw_pio_component_configuration.pl  --do_build_sim=0  ]
Info: dipsw_pio: Done RTL generation for module 'soc_system_dipsw_pio'
Info: dipsw_pio: "soc_system" instantiated altera_avalon_pio "dipsw_pio"
Info: hps_0: "Running  for module: hps_0"
Warning: hps_0: Setting the slave port width of interface f2h_sdram0 to 32 results in bandwidth under-utilization.  Altera recommends you set the interface data width to 64-bit or greater.
Info: hps_0: HPS Main PLL counter settings: n = 0  m = 63
Info: hps_0: HPS peripherial PLL counter settings: n = 0  m = 39
Info: hps_0: "soc_system" instantiated altera_hps "hps_0"
Info: led_pio: Starting RTL generation for module 'soc_system_led_pio'
Info: led_pio:   Generation command is [exec /comelec/softs/opt/altera/altera18.1/quartus/linux64/perl/bin/perl -I /comelec/softs/opt/altera/altera18.1/quartus/linux64/perl/lib -I /comelec/softs/opt/altera/altera18.1/quartus/sopc_builder/bin/europa -I /comelec/softs/opt/altera/altera18.1/quartus/sopc_builder/bin/perl_lib -I /comelec/softs/opt/altera/altera18.1/quartus/sopc_builder/bin -I /comelec/softs/opt/altera/altera18.1/quartus/../ip/altera/sopc_builder_ip/common -I /comelec/softs/opt/altera/altera18.1/quartus/../ip/altera/sopc_builder_ip/altera_avalon_pio -- /comelec/softs/opt/altera/altera18.1/quartus/../ip/altera/sopc_builder_ip/altera_avalon_pio/generate_rtl.pl --name=soc_system_led_pio --dir=/tmp/alt7882_123137694229162990.dir/0008_led_pio_gen/ --quartus_dir=/comelec/softs/opt/altera/altera18.1/quartus --verilog --config=/tmp/alt7882_123137694229162990.dir/0008_led_pio_gen//soc_system_led_pio_component_configuration.pl  --do_build_sim=0  ]
Info: led_pio: Done RTL generation for module 'soc_system_led_pio'
Info: led_pio: "soc_system" instantiated altera_avalon_pio "led_pio"
Info: mm_bridge_0: "soc_system" instantiated altera_avalon_mm_bridge "mm_bridge_0"
Info: sysid_qsys: "soc_system" instantiated altera_avalon_sysid_qsys "sysid_qsys"
Info: mm_interconnect_0: "soc_system" instantiated altera_mm_interconnect "mm_interconnect_0"
Info: avalon_st_adapter: Inserting error_adapter: error_adapter_0
Info: mm_interconnect_1: "soc_system" instantiated altera_mm_interconnect "mm_interconnect_1"
Info: avalon_st_adapter: Inserting error_adapter: error_adapter_0
Info: avalon_st_adapter_001: Inserting error_adapter: error_adapter_0
Info: avalon_st_adapter_002: Inserting error_adapter: error_adapter_0
Info: avalon_st_adapter_003: Inserting error_adapter: error_adapter_0
Info: avalon_st_adapter_004: Inserting error_adapter: error_adapter_0
Info: avalon_st_adapter_005: Inserting error_adapter: error_adapter_0
Info: avalon_st_adapter_006: Inserting error_adapter: error_adapter_0
Info: mm_interconnect_2: "soc_system" instantiated altera_mm_interconnect "mm_interconnect_2"
Info: irq_mapper: "soc_system" instantiated altera_irq_mapper "irq_mapper"
Info: irq_mapper_001: "soc_system" instantiated altera_irq_mapper "irq_mapper_001"
Info: irq_mapper_002: "soc_system" instantiated altera_irq_mapper "irq_mapper_002"
Info: rst_controller: "soc_system" instantiated altera_reset_controller "rst_controller"
Info: fpga_interfaces: "hps_0" instantiated altera_interface_generator "fpga_interfaces"
Info: hps_io: "hps_0" instantiated altera_hps_io "hps_io"
Info: alt_vip_vfr_hdmi_avalon_master_translator: "mm_interconnect_0" instantiated altera_merlin_master_translator "alt_vip_vfr_hdmi_avalon_master_translator"
Info: alt_vip_vfr_hdmi_avalon_master_agent: "mm_interconnect_0" instantiated altera_merlin_master_agent "alt_vip_vfr_hdmi_avalon_master_agent"
Info: hps_0_f2h_axi_slave_agent: "mm_interconnect_0" instantiated altera_merlin_axi_slave_ni "hps_0_f2h_axi_slave_agent"
Info: router: "mm_interconnect_0" instantiated altera_merlin_router "router"
Info: router_001: "mm_interconnect_0" instantiated altera_merlin_router "router_001"
Info: alt_vip_vfr_hdmi_avalon_master_limiter: "mm_interconnect_0" instantiated altera_merlin_traffic_limiter "alt_vip_vfr_hdmi_avalon_master_limiter"
Info: Reusing file /cal/homes/rreme/workspace/SE/SE204/controleur_video/ips/Qsys/soc_system/synthesis/submodules/altera_avalon_sc_fifo.v
Info: hps_0_f2h_axi_slave_wr_burst_adapter: "mm_interconnect_0" instantiated altera_merlin_burst_adapter "hps_0_f2h_axi_slave_wr_burst_adapter"
Info: Reusing file /cal/homes/rreme/workspace/SE/SE204/controleur_video/ips/Qsys/soc_system/synthesis/submodules/altera_merlin_address_alignment.sv
Info: Reusing file /cal/homes/rreme/workspace/SE/SE204/controleur_video/ips/Qsys/soc_system/synthesis/submodules/altera_avalon_st_pipeline_base.v
Info: cmd_demux: "mm_interconnect_0" instantiated altera_merlin_demultiplexer "cmd_demux"
Info: cmd_mux: "mm_interconnect_0" instantiated altera_merlin_multiplexer "cmd_mux"
Info: rsp_demux: "mm_interconnect_0" instantiated altera_merlin_demultiplexer "rsp_demux"
Info: rsp_mux: "mm_interconnect_0" instantiated altera_merlin_multiplexer "rsp_mux"
Info: Reusing file /cal/homes/rreme/workspace/SE/SE204/controleur_video/ips/Qsys/soc_system/synthesis/submodules/altera_merlin_arbitrator.sv
Info: mm_bridge_0_s0_translator: "mm_interconnect_1" instantiated altera_merlin_slave_translator "mm_bridge_0_s0_translator"
Info: hps_0_h2f_lw_axi_master_agent: "mm_interconnect_1" instantiated altera_merlin_axi_master_ni "hps_0_h2f_lw_axi_master_agent"
Info: Reusing file /cal/homes/rreme/workspace/SE/SE204/controleur_video/ips/Qsys/soc_system/synthesis/submodules/altera_merlin_address_alignment.sv
Info: mm_bridge_0_s0_agent: "mm_interconnect_1" instantiated altera_merlin_slave_agent "mm_bridge_0_s0_agent"
Info: Reusing file /cal/homes/rreme/workspace/SE/SE204/controleur_video/ips/Qsys/soc_system/synthesis/submodules/altera_merlin_burst_uncompressor.sv
Info: mm_bridge_0_s0_agent_rsp_fifo: "mm_interconnect_1" instantiated altera_avalon_sc_fifo "mm_bridge_0_s0_agent_rsp_fifo"
Info: Reusing file /cal/homes/rreme/workspace/SE/SE204/controleur_video/ips/Qsys/soc_system/synthesis/submodules/altera_avalon_sc_fifo.v
Info: router: "mm_interconnect_1" instantiated altera_merlin_router "router"
Info: router_002: "mm_interconnect_1" instantiated altera_merlin_router "router_002"
Info: cmd_demux: "mm_interconnect_1" instantiated altera_merlin_demultiplexer "cmd_demux"
Info: cmd_mux: "mm_interconnect_1" instantiated altera_merlin_multiplexer "cmd_mux"
Info: Reusing file /cal/homes/rreme/workspace/SE/SE204/controleur_video/ips/Qsys/soc_system/synthesis/submodules/altera_merlin_arbitrator.sv
Info: rsp_demux: "mm_interconnect_1" instantiated altera_merlin_demultiplexer "rsp_demux"
Info: rsp_mux: "mm_interconnect_1" instantiated altera_merlin_multiplexer "rsp_mux"
Info: Reusing file /cal/homes/rreme/workspace/SE/SE204/controleur_video/ips/Qsys/soc_system/synthesis/submodules/altera_merlin_arbitrator.sv
Info: avalon_st_adapter: "mm_interconnect_1" instantiated altera_avalon_st_adapter "avalon_st_adapter"
Info: router: "mm_interconnect_2" instantiated altera_merlin_router "router"
Info: router_001: "mm_interconnect_2" instantiated altera_merlin_router "router_001"
Info: cmd_demux: "mm_interconnect_2" instantiated altera_merlin_demultiplexer "cmd_demux"
Info: cmd_mux: "mm_interconnect_2" instantiated altera_merlin_multiplexer "cmd_mux"
Info: Reusing file /cal/homes/rreme/workspace/SE/SE204/controleur_video/ips/Qsys/soc_system/synthesis/submodules/altera_merlin_arbitrator.sv
Info: rsp_demux: "mm_interconnect_2" instantiated altera_merlin_demultiplexer "rsp_demux"
Info: rsp_demux_001: "mm_interconnect_2" instantiated altera_merlin_demultiplexer "rsp_demux_001"
Info: rsp_mux: "mm_interconnect_2" instantiated altera_merlin_multiplexer "rsp_mux"
Info: Reusing file /cal/homes/rreme/workspace/SE/SE204/controleur_video/ips/Qsys/soc_system/synthesis/submodules/altera_merlin_arbitrator.sv
Info: crosser: "mm_interconnect_2" instantiated altera_avalon_st_handshake_clock_crosser "crosser"
Info: Reusing file /cal/homes/rreme/workspace/SE/SE204/controleur_video/ips/Qsys/soc_system/synthesis/submodules/altera_avalon_st_pipeline_base.v
Info: border: "hps_io" instantiated altera_interface_generator "border"
Info: error_adapter_0: "avalon_st_adapter" instantiated error_adapter "error_adapter_0"
Info: soc_system: Done "soc_system" with 51 modules, 134 files
Info: qsys-generate succeeded.
Info: Finished: Create HDL design files for synthesis
